[0m19:14:06.823149 [debug] [MainThread]: Sending event: {'category': 'dbt', 'action': 'invocation', 'label': 'start', 'context': [<snowplow_tracker.self_describing_json.SelfDescribingJson object at 0x000001272B79B130>, <snowplow_tracker.self_describing_json.SelfDescribingJson object at 0x000001272A81DAB0>, <snowplow_tracker.self_describing_json.SelfDescribingJson object at 0x000001272A81D8D0>]}


============================== 19:14:06.827147 | 55447b8b-b988-4c57-b845-80a48bc2c826 ==============================
[0m19:14:06.827147 [info ] [MainThread]: Running with dbt=1.7.7
[0m19:14:06.828147 [debug] [MainThread]: running dbt with arguments {'printer_width': '80', 'indirect_selection': 'eager', 'write_json': 'True', 'log_cache_events': 'False', 'partial_parse': 'True', 'cache_selected_only': 'False', 'profiles_dir': 'C:\\Users\\sachi\\.dbt', 'debug': 'False', 'version_check': 'True', 'log_path': 'logs', 'fail_fast': 'False', 'warn_error': 'None', 'use_colors': 'True', 'use_experimental_parser': 'False', 'no_print': 'None', 'quiet': 'False', 'log_format': 'default', 'introspect': 'True', 'warn_error_options': 'WarnErrorOptions(include=[], exclude=[])', 'static_parser': 'True', 'target_path': 'None', 'invocation_command': 'dbt init jaffle_shop', 'send_anonymous_usage_stats': 'True'}
[0m19:14:06.829662 [debug] [MainThread]: Starter project path: C:\Users\sachi\AppData\Local\Programs\Python\Python310\lib\site-packages\dbt\include\starter_project
[0m19:14:06.902128 [info ] [MainThread]: 
Your new dbt project "jaffle_shop" was created!

For more information on how to configure the profiles.yml file,
please consult the dbt documentation here:

  https://docs.getdbt.com/docs/configure-your-profile

One more thing:

Need help? Don't hesitate to reach out to us via GitHub issues or on Slack:

  https://community.getdbt.com/

Happy modeling!

[0m19:14:06.904120 [info ] [MainThread]: Setting up your profile.
[0m19:15:11.625256 [info ] [MainThread]: Profile jaffle_shop written to C:\Users\sachi\.dbt\profiles.yml using target's profile_template.yml and your supplied values. Run 'dbt debug' to validate the connection.
[0m19:15:11.629311 [debug] [MainThread]: Command `dbt init` succeeded at 19:15:11.628311 after 64.92 seconds
[0m19:15:11.630310 [debug] [MainThread]: Sending event: {'category': 'dbt', 'action': 'invocation', 'label': 'end', 'context': [<snowplow_tracker.self_describing_json.SelfDescribingJson object at 0x000001272B79B130>, <snowplow_tracker.self_describing_json.SelfDescribingJson object at 0x000001273ED52E30>, <snowplow_tracker.self_describing_json.SelfDescribingJson object at 0x000001273ED52D10>]}
[0m19:15:11.634780 [debug] [MainThread]: Flushing usage events
[0m19:18:17.178837 [debug] [MainThread]: Sending event: {'category': 'dbt', 'action': 'invocation', 'label': 'start', 'context': [<snowplow_tracker.self_describing_json.SelfDescribingJson object at 0x000001D47EDE8400>, <snowplow_tracker.self_describing_json.SelfDescribingJson object at 0x000001D401A0DA80>, <snowplow_tracker.self_describing_json.SelfDescribingJson object at 0x000001D401A0D8A0>]}


============================== 19:18:17.182850 | 52231964-3b97-4b27-bba9-e84f3fd6f95a ==============================
[0m19:18:17.182850 [info ] [MainThread]: Running with dbt=1.7.7
[0m19:18:17.183836 [debug] [MainThread]: running dbt with arguments {'printer_width': '80', 'indirect_selection': 'eager', 'log_cache_events': 'False', 'write_json': 'True', 'partial_parse': 'True', 'cache_selected_only': 'False', 'warn_error': 'None', 'debug': 'False', 'version_check': 'True', 'log_path': 'logs', 'profiles_dir': 'C:\\Users\\sachi\\.dbt', 'fail_fast': 'False', 'use_colors': 'True', 'use_experimental_parser': 'False', 'no_print': 'None', 'quiet': 'False', 'log_format': 'default', 'introspect': 'True', 'invocation_command': 'dbt debug', 'warn_error_options': 'WarnErrorOptions(include=[], exclude=[])', 'target_path': 'None', 'static_parser': 'True', 'send_anonymous_usage_stats': 'True'}
[0m19:18:17.185303 [info ] [MainThread]: dbt version: 1.7.7
[0m19:18:17.186343 [info ] [MainThread]: python version: 3.10.5
[0m19:18:17.188333 [info ] [MainThread]: python path: C:\Users\sachi\AppData\Local\Programs\Python\Python310\python.exe
[0m19:18:17.189323 [info ] [MainThread]: os info: Windows-10-10.0.22621-SP0
[0m19:18:18.328573 [info ] [MainThread]: Using profiles dir at C:\Users\sachi\.dbt
[0m19:18:18.335182 [info ] [MainThread]: Using profiles.yml file at C:\Users\sachi\.dbt\profiles.yml
[0m19:18:18.337179 [info ] [MainThread]: Using dbt_project.yml file at C:\Users\sachi\Github\dbt-tutorial\dbt_project.yml
[0m19:18:18.344179 [info ] [MainThread]: adapter type: bigquery
[0m19:18:18.346188 [info ] [MainThread]: adapter version: 1.7.4
[0m19:18:18.347182 [info ] [MainThread]: Configuration:
[0m19:18:18.350192 [info ] [MainThread]:   profiles.yml file [[32mOK found and valid[0m]
[0m19:18:18.354203 [info ] [MainThread]:   dbt_project.yml file [[31mERROR not found[0m]
[0m19:18:18.356180 [info ] [MainThread]: Required dependencies:
[0m19:18:18.357180 [debug] [MainThread]: Executing "git --help"
[0m19:18:18.383712 [debug] [MainThread]: STDOUT: "b"usage: git [-v | --version] [-h | --help] [-C <path>] [-c <name>=<value>]\n           [--exec-path[=<path>]] [--html-path] [--man-path] [--info-path]\n           [-p | --paginate | -P | --no-pager] [--no-replace-objects] [--bare]\n           [--git-dir=<path>] [--work-tree=<path>] [--namespace=<name>]\n           [--config-env=<name>=<envvar>] <command> [<args>]\n\nThese are common Git commands used in various situations:\n\nstart a working area (see also: git help tutorial)\n   clone     Clone a repository into a new directory\n   init      Create an empty Git repository or reinitialize an existing one\n\nwork on the current change (see also: git help everyday)\n   add       Add file contents to the index\n   mv        Move or rename a file, a directory, or a symlink\n   restore   Restore working tree files\n   rm        Remove files from the working tree and from the index\n\nexamine the history and state (see also: git help revisions)\n   bisect    Use binary search to find the commit that introduced a bug\n   diff      Show changes between commits, commit and working tree, etc\n   grep      Print lines matching a pattern\n   log       Show commit logs\n   show      Show various types of objects\n   status    Show the working tree status\n\ngrow, mark and tweak your common history\n   branch    List, create, or delete branches\n   commit    Record changes to the repository\n   merge     Join two or more development histories together\n   rebase    Reapply commits on top of another base tip\n   reset     Reset current HEAD to the specified state\n   switch    Switch branches\n   tag       Create, list, delete or verify a tag object signed with GPG\n\ncollaborate (see also: git help workflows)\n   fetch     Download objects and refs from another repository\n   pull      Fetch from and integrate with another repository or a local branch\n   push      Update remote refs along with associated objects\n\n'git help -a' and 'git help -g' list available subcommands and some\nconcept guides. See 'git help <command>' or 'git help <concept>'\nto read about a specific subcommand or concept.\nSee 'git help git' for an overview of the system.\n""
[0m19:18:18.384710 [debug] [MainThread]: STDERR: "b''"
[0m19:18:18.385708 [info ] [MainThread]:  - git [[32mOK found[0m]

[0m19:18:18.386716 [info ] [MainThread]: Connection:
[0m19:18:18.388714 [info ] [MainThread]:   method: service-account
[0m19:18:18.391744 [info ] [MainThread]:   database: dbt-demos-414204
[0m19:18:18.392711 [info ] [MainThread]:   execution_project: dbt-demos-414204
[0m19:18:18.393710 [info ] [MainThread]:   schema: jaffle_shop
[0m19:18:18.394711 [info ] [MainThread]:   location: US
[0m19:18:18.396718 [info ] [MainThread]:   priority: interactive
[0m19:18:18.398714 [info ] [MainThread]:   maximum_bytes_billed: None
[0m19:18:18.399718 [info ] [MainThread]:   impersonate_service_account: None
[0m19:18:18.400713 [info ] [MainThread]:   job_retry_deadline_seconds: None
[0m19:18:18.404778 [info ] [MainThread]:   job_retries: 1
[0m19:18:18.405789 [info ] [MainThread]:   job_creation_timeout_seconds: None
[0m19:18:18.406782 [info ] [MainThread]:   job_execution_timeout_seconds: 300
[0m19:18:18.407787 [info ] [MainThread]:   keyfile: C:/Users/sachi/.dbt/dbt-demos-414204-812388c8d417.json
[0m19:18:18.408783 [info ] [MainThread]:   timeout_seconds: 300
[0m19:18:18.408783 [info ] [MainThread]:   refresh_token: None
[0m19:18:18.409780 [info ] [MainThread]:   client_id: None
[0m19:18:18.411777 [info ] [MainThread]:   token_uri: None
[0m19:18:18.413790 [info ] [MainThread]:   dataproc_region: None
[0m19:18:18.415775 [info ] [MainThread]:   dataproc_cluster_name: None
[0m19:18:18.416773 [info ] [MainThread]:   gcs_bucket: None
[0m19:18:18.420357 [info ] [MainThread]:   dataproc_batch: None
[0m19:18:18.421360 [info ] [MainThread]: Registered adapter: bigquery=1.7.4
[0m19:18:18.425942 [debug] [MainThread]: Acquiring new bigquery connection 'debug'
[0m19:18:18.427953 [debug] [MainThread]: Opening a new connection, currently in state init
[0m19:18:18.457978 [debug] [MainThread]: On debug: select 1 as id
[0m19:18:19.468468 [debug] [MainThread]: BigQuery adapter: https://console.cloud.google.com/bigquery?project=dbt-demos-414204&j=bq:US:2e68d50f-2fed-4cf8-921d-516647cc8ec6&page=queryresults
[0m19:18:20.047829 [info ] [MainThread]:   Connection test: [[32mOK connection ok[0m]

[0m19:18:20.050742 [info ] [MainThread]: [31m1 check failed:[0m
[0m19:18:20.052752 [info ] [MainThread]: Project loading failed for the following reason:
 project path <C:\Users\sachi\Github\dbt-tutorial\dbt_project.yml> not found

[0m19:18:20.058745 [debug] [MainThread]: Command `dbt debug` failed at 19:18:20.057779 after 2.99 seconds
[0m19:18:20.060741 [debug] [MainThread]: Connection 'debug' was properly closed.
[0m19:18:20.062780 [debug] [MainThread]: Sending event: {'category': 'dbt', 'action': 'invocation', 'label': 'end', 'context': [<snowplow_tracker.self_describing_json.SelfDescribingJson object at 0x000001D47EDE8400>, <snowplow_tracker.self_describing_json.SelfDescribingJson object at 0x000001D412479180>, <snowplow_tracker.self_describing_json.SelfDescribingJson object at 0x000001D41247B9D0>]}
[0m19:18:20.063805 [debug] [MainThread]: Flushing usage events
[0m19:19:17.187901 [debug] [MainThread]: Sending event: {'category': 'dbt', 'action': 'invocation', 'label': 'start', 'context': [<snowplow_tracker.self_describing_json.SelfDescribingJson object at 0x000002A3401EB130>, <snowplow_tracker.self_describing_json.SelfDescribingJson object at 0x000002A33F26DAB0>, <snowplow_tracker.self_describing_json.SelfDescribingJson object at 0x000002A33F26D8D0>]}


============================== 19:19:17.192903 | 275c95f0-d8e4-4702-92c8-2267d9b4c14c ==============================
[0m19:19:17.192903 [info ] [MainThread]: Running with dbt=1.7.7
[0m19:19:17.193910 [debug] [MainThread]: running dbt with arguments {'printer_width': '80', 'indirect_selection': 'eager', 'write_json': 'True', 'log_cache_events': 'False', 'partial_parse': 'True', 'cache_selected_only': 'False', 'profiles_dir': 'C:\\Users\\sachi\\.dbt', 'fail_fast': 'False', 'version_check': 'True', 'log_path': 'logs', 'debug': 'False', 'warn_error': 'None', 'use_colors': 'True', 'use_experimental_parser': 'False', 'no_print': 'None', 'quiet': 'False', 'log_format': 'default', 'invocation_command': 'dbt debug', 'introspect': 'True', 'warn_error_options': 'WarnErrorOptions(include=[], exclude=[])', 'target_path': 'None', 'static_parser': 'True', 'send_anonymous_usage_stats': 'True'}
[0m19:19:17.194900 [info ] [MainThread]: dbt version: 1.7.7
[0m19:19:17.195901 [info ] [MainThread]: python version: 3.10.5
[0m19:19:17.196902 [info ] [MainThread]: python path: C:\Users\sachi\AppData\Local\Programs\Python\Python310\python.exe
[0m19:19:17.197900 [info ] [MainThread]: os info: Windows-10-10.0.22621-SP0
[0m19:19:18.101334 [info ] [MainThread]: Using profiles dir at C:\Users\sachi\.dbt
[0m19:19:18.102855 [info ] [MainThread]: Using profiles.yml file at C:\Users\sachi\.dbt\profiles.yml
[0m19:19:18.103864 [info ] [MainThread]: Using dbt_project.yml file at C:\Users\sachi\Github\dbt-tutorial\dbt_project.yml
[0m19:19:18.105863 [info ] [MainThread]: adapter type: bigquery
[0m19:19:18.106866 [info ] [MainThread]: adapter version: 1.7.4
[0m19:19:18.107866 [info ] [MainThread]: Configuration:
[0m19:19:18.108865 [info ] [MainThread]:   profiles.yml file [[32mOK found and valid[0m]
[0m19:19:18.109865 [info ] [MainThread]:   dbt_project.yml file [[31mERROR not found[0m]
[0m19:19:18.111023 [info ] [MainThread]: Required dependencies:
[0m19:19:18.113030 [debug] [MainThread]: Executing "git --help"
[0m19:19:18.135407 [debug] [MainThread]: STDOUT: "b"usage: git [-v | --version] [-h | --help] [-C <path>] [-c <name>=<value>]\n           [--exec-path[=<path>]] [--html-path] [--man-path] [--info-path]\n           [-p | --paginate | -P | --no-pager] [--no-replace-objects] [--bare]\n           [--git-dir=<path>] [--work-tree=<path>] [--namespace=<name>]\n           [--config-env=<name>=<envvar>] <command> [<args>]\n\nThese are common Git commands used in various situations:\n\nstart a working area (see also: git help tutorial)\n   clone     Clone a repository into a new directory\n   init      Create an empty Git repository or reinitialize an existing one\n\nwork on the current change (see also: git help everyday)\n   add       Add file contents to the index\n   mv        Move or rename a file, a directory, or a symlink\n   restore   Restore working tree files\n   rm        Remove files from the working tree and from the index\n\nexamine the history and state (see also: git help revisions)\n   bisect    Use binary search to find the commit that introduced a bug\n   diff      Show changes between commits, commit and working tree, etc\n   grep      Print lines matching a pattern\n   log       Show commit logs\n   show      Show various types of objects\n   status    Show the working tree status\n\ngrow, mark and tweak your common history\n   branch    List, create, or delete branches\n   commit    Record changes to the repository\n   merge     Join two or more development histories together\n   rebase    Reapply commits on top of another base tip\n   reset     Reset current HEAD to the specified state\n   switch    Switch branches\n   tag       Create, list, delete or verify a tag object signed with GPG\n\ncollaborate (see also: git help workflows)\n   fetch     Download objects and refs from another repository\n   pull      Fetch from and integrate with another repository or a local branch\n   push      Update remote refs along with associated objects\n\n'git help -a' and 'git help -g' list available subcommands and some\nconcept guides. See 'git help <command>' or 'git help <concept>'\nto read about a specific subcommand or concept.\nSee 'git help git' for an overview of the system.\n""
[0m19:19:18.137405 [debug] [MainThread]: STDERR: "b''"
[0m19:19:18.137405 [info ] [MainThread]:  - git [[32mOK found[0m]

[0m19:19:18.139421 [info ] [MainThread]: Connection:
[0m19:19:18.140406 [info ] [MainThread]:   method: service-account
[0m19:19:18.141185 [info ] [MainThread]:   database: dbt-demos-414204
[0m19:19:18.142030 [info ] [MainThread]:   execution_project: dbt-demos-414204
[0m19:19:18.143037 [info ] [MainThread]:   schema: jaffle_shop
[0m19:19:18.148041 [info ] [MainThread]:   location: US
[0m19:19:18.150045 [info ] [MainThread]:   priority: interactive
[0m19:19:18.151041 [info ] [MainThread]:   maximum_bytes_billed: None
[0m19:19:18.152038 [info ] [MainThread]:   impersonate_service_account: None
[0m19:19:18.153303 [info ] [MainThread]:   job_retry_deadline_seconds: None
[0m19:19:18.154106 [info ] [MainThread]:   job_retries: 1
[0m19:19:18.155213 [info ] [MainThread]:   job_creation_timeout_seconds: None
[0m19:19:18.156218 [info ] [MainThread]:   job_execution_timeout_seconds: 300
[0m19:19:18.157219 [info ] [MainThread]:   keyfile: C:/Users/sachi/.dbt/dbt-demos-414204-812388c8d417.json
[0m19:19:18.158221 [info ] [MainThread]:   timeout_seconds: 300
[0m19:19:18.159218 [info ] [MainThread]:   refresh_token: None
[0m19:19:18.160221 [info ] [MainThread]:   client_id: None
[0m19:19:18.164220 [info ] [MainThread]:   token_uri: None
[0m19:19:18.166218 [info ] [MainThread]:   dataproc_region: None
[0m19:19:18.167234 [info ] [MainThread]:   dataproc_cluster_name: None
[0m19:19:18.168218 [info ] [MainThread]:   gcs_bucket: None
[0m19:19:18.169736 [info ] [MainThread]:   dataproc_batch: None
[0m19:19:18.170744 [info ] [MainThread]: Registered adapter: bigquery=1.7.4
[0m19:19:18.171761 [debug] [MainThread]: Acquiring new bigquery connection 'debug'
[0m19:19:18.172800 [debug] [MainThread]: Opening a new connection, currently in state init
[0m19:19:18.175745 [debug] [MainThread]: On debug: select 1 as id
[0m19:19:18.856454 [debug] [MainThread]: BigQuery adapter: https://console.cloud.google.com/bigquery?project=dbt-demos-414204&j=bq:US:e31673f0-24fb-41b2-a5d7-3679a3049552&page=queryresults
[0m19:19:19.472255 [info ] [MainThread]:   Connection test: [[32mOK connection ok[0m]

[0m19:19:19.475262 [info ] [MainThread]: [31m1 check failed:[0m
[0m19:19:19.477039 [info ] [MainThread]: Project loading failed for the following reason:
 project path <C:\Users\sachi\Github\dbt-tutorial\dbt_project.yml> not found

[0m19:19:19.480054 [debug] [MainThread]: Command `dbt debug` failed at 19:19:19.480054 after 2.36 seconds
[0m19:19:19.481093 [debug] [MainThread]: Connection 'debug' was properly closed.
[0m19:19:19.482127 [debug] [MainThread]: Sending event: {'category': 'dbt', 'action': 'invocation', 'label': 'end', 'context': [<snowplow_tracker.self_describing_json.SelfDescribingJson object at 0x000002A3401EB130>, <snowplow_tracker.self_describing_json.SelfDescribingJson object at 0x000002A35379B5E0>, <snowplow_tracker.self_describing_json.SelfDescribingJson object at 0x000002A353798100>]}
[0m19:19:19.483058 [debug] [MainThread]: Flushing usage events
